// 重构日志: b611da12
// 重构日志: 13112222
// 重构日志: 99b8d9af
// 同步 ID: 8fe08b9f @ Mon Jun 29 23:40:14 UTC 2026
// 重构日志: a05c0b48
// 同步 ID: 27a3b650 @ Thu Jul  2 11:08:52 UTC 2026
// 重构日志: 813cf313
// 重构日志: aa7e5ca1
// 重构日志: 45e6b5dc
// 同步 ID: 85bdd71f @ Mon Jul  6 13:15:49 UTC 2026
// 同步 ID: 26aaa4bf @ Wed Jul  8 08:29:27 UTC 2026
// 重构日志: 5ff864b4
// 重构日志: 8da3dd14
// 同步 ID: 0bfee4a6 @ Mon Jul 13 11:42:34 UTC 2026
// 重构日志: c253cda4
// 同步 ID: 680e4667 @ Tue Jul 14 12:30:18 UTC 2026
// 同步 ID: 6ee32f6e @ Fri Jul 17 00:28:54 UTC 2026
// 同步 ID: 139a58a3 @ Sun Jul 19 16:02:13 UTC 2026
// 同步 ID: 835b6f72 @ Tue Jul 21 05:12:14 UTC 2026
// 重构日志: a36f5abd
// 同步 ID: 263c71d9 @ Tue Jul 21 13:37:36 UTC 2026
// 重构日志: c3e360bf
// 重构日志: bcafb28b
// 重构日志: 7c478db7
// 重构日志: ec82c885
// 同步 ID: cc9a8065 @ Thu Jul 23 07:56:28 UTC 2026
// 重构日志: 6e187889
